<?xml version="1.0" encoding="UTF-8"?>
<testsuite xmlns:xsi="http://www.w3.org/2001/XMLSchema-instance" xsi:noNamespaceSchemaLocation="https://maven.apache.org/surefire/maven-surefire-plugin/xsd/surefire-test-report.xsd" name="com.hzp.test.TaskImplTest" time="0.881" tests="2" errors="0" skipped="0" failures="0">
  <properties>
[...]
</properties>
  <testcase name="getTask" classname="com.hzp.test.TaskImplTest" time="0.788"/>
  <testcase name="setTask" classname="com.hzp.test.TaskImplTest" time="0.07"/>
</testsuite>